<?xml version="1.0" encoding="UTF-8" ?>
<testsuite tests="4" failures="0" name="com.sinocat.service.test.ProductionImpTest" time="0.589" errors="1" skipped="0">
  <properties>
[...]
</properties>
  <testcase classname="com.sinocat.service.test.ProductionImpTest" name="testgetgetProductionByProductionId" time="0.477"/>
  <testcase classname="com.sinocat.service.test.ProductionImpTest" name="testgetProdutionListByCarId" time="0.078"/>
  <testcase classname="com.sinocat.service.test.ProductionImpTest" name="testgetgetProductionByProductionIdList" time="0.024"/>
  <testcase classname="com.sinocat.service.test.ProductionImpTest" name="testGetProductionList" time="0.01">
    <error message="Index: 3, Size: 0" type="java.lang.IndexOutOfBoundsException">java.lang.IndexOutOfBoundsException: Index: 3, Size: 0
	at java.util.ArrayList.rangeCheck(ArrayList.java:653)
	at java.util.ArrayList.get(ArrayList.java:429)
	at com.sinocat.service.impl.ProductionImp.getProductionList(ProductionImp.java:29)
	at sun.reflect.NativeMethodAccessorImpl.invoke0(Native Method)
	at sun.reflect.NativeMethodAccessorImpl.invoke(NativeMethodAccessorImpl.java:62)
	at sun.reflect.DelegatingMethodAccessorImpl.invoke(DelegatingMethodAccessorImpl.java:43)
	at java.lang.reflect.Method.invoke(Method.java:498)
	at org.springframework.aop.support.AopUtils.invokeJoinpointUsingReflection(AopUtils.java:302)
	at org.springframework.aop.framework.ReflectiveMethodInvocation.invokeJoinpoint(ReflectiveMethodInvocation.java:190)
	at org.springframework.aop.framework.ReflectiveMethodInvocation.proceed(ReflectiveMethodInvocation.java:157)
	at org.springframework.transaction.interceptor.TransactionInterceptor$1.proceedWithInvocation(TransactionInterceptor.java:99)
	at org.springframework.transaction.interceptor.TransactionAspectSupport.invokeWithinTransaction(TransactionAspectSupport.java:281)
	at org.springframework.transaction.interceptor.TransactionInterceptor.invoke(TransactionInterceptor.java:96)
	at org.springframework.aop.framework.ReflectiveMethodInvocation.proceed(ReflectiveMethodInvocation.java:179)
	at org.springframework.aop.interceptor.ExposeInvocationInterceptor.invoke(ExposeInvocationInterceptor.java:92)
	at org.springframework.aop.framework.ReflectiveMethodInvocation.proceed(ReflectiveMethodInvocation.java:179)
	at org.springframework.aop.framework.JdkDynamicAopProxy.invoke(JdkDynamicAopProxy.java:208)
	at com.sun.proxy.$Proxy17.getProductionList(Unknown Source)
	at com.sinocat.service.test.ProductionImpTest.testGetProductionList(ProductionImpTest.java:27)
	at sun.reflect.NativeMethodAccessorImpl.invoke0(Native Method)
	at sun.reflect.NativeMethodAccessorImpl.invoke(NativeMethodAccessorImpl.java:62)
	at sun.reflect.DelegatingMethodAccessorImpl.invoke(DelegatingMethodAccessorImpl.java:43)
	at java.lang.reflect.Method.invoke(Method.java:498)
	at org.junit.runners.model.FrameworkMethod$1.runReflectiveCall(FrameworkMethod.java:50)
	at org.junit.internal.runners.model.ReflectiveCallable.run(ReflectiveCallable.java:12)
	at org.junit.runners.model.FrameworkMethod.invokeExplosively(FrameworkMethod.java:47)
	at org.junit.internal.runners.statements.InvokeMethod.evaluate(InvokeMethod.java:17)
	at org.springframework.test.context.junit4.statements.RunBeforeTestMethodCallbacks.evaluate(RunBeforeTestMethodCallbacks.java:75)
	at org.springframework.test.context.junit4.statements.RunAfterTestMethodCallbacks.evaluate(RunAfterTestMethodCallbacks.java:86)
	at org.springframework.test.context.junit4.statements.SpringRepeat.evaluate(SpringRepeat.java:84)
	at org.junit.runners.ParentRunner.runLeaf(ParentRunner.java:325)
	at org.springframework.test.context.junit4.SpringJUnit4ClassRunner.runChild(SpringJUnit4ClassRunner.java:254)
	at org.springframework.test.context.junit4.SpringJUnit4ClassRunner.runChild(SpringJUnit4ClassRunner.java:89)
	at org.junit.runners.ParentRunner$3.run(ParentRunner.java:290)
	at org.junit.runners.ParentRunner$1.schedule(ParentRunner.java:71)
	at org.junit.runners.ParentRunner.runChildren(ParentRunner.java:288)
	at org.junit.runners.ParentRunner.access$000(ParentRunner.java:58)
	at org.junit.runners.ParentRunner$2.evaluate(ParentRunner.java:268)
	at org.springframework.test.context.junit4.statements.RunBeforeTestClassCallbacks.evaluate(RunBeforeTestClassCallbacks.java:61)
	at org.springframework.test.context.junit4.statements.RunAfterTestClassCallbacks.evaluate(RunAfterTestClassCallbacks.java:70)
	at org.junit.runners.ParentRunner.run(ParentRunner.java:363)
	at org.springframework.test.context.junit4.SpringJUnit4ClassRunner.run(SpringJUnit4ClassRunner.java:193)
	at org.apache.maven.surefire.junit4.JUnit4Provider.execute(JUnit4Provider.java:252)
	at org.apache.maven.surefire.junit4.JUnit4Provider.executeTestSet(JUnit4Provider.java:141)
	at org.apache.maven.surefire.junit4.JUnit4Provider.invoke(JUnit4Provider.java:112)
	at sun.reflect.NativeMethodAccessorImpl.invoke0(Native Method)
	at sun.reflect.NativeMethodAccessorImpl.invoke(NativeMethodAccessorImpl.java:62)
	at sun.reflect.DelegatingMethodAccessorImpl.invoke(DelegatingMethodAccessorImpl.java:43)
	at java.lang.reflect.Method.invoke(Method.java:498)
	at org.apache.maven.surefire.util.ReflectionUtils.invokeMethodWithArray(ReflectionUtils.java:189)
	at org.apache.maven.surefire.booter.ProviderFactory$ProviderProxy.invoke(ProviderFactory.java:165)
	at org.apache.maven.surefire.booter.ProviderFactory.invokeProvider(ProviderFactory.java:85)
	at org.apache.maven.surefire.booter.ForkedBooter.runSuitesInProcess(ForkedBooter.java:115)
	at org.apache.maven.surefire.booter.ForkedBooter.main(ForkedBooter.java:75)
</error>
    <system-out>2018-07-20 08:52:13,108 DEBUG [org.springframework.test.annotation.ProfileValueUtils] - Retrieved @ProfileValueSourceConfiguration [null] for test class [com.sinocat.service.test.ProductionImpTest]
2018-07-20 08:52:13,108 DEBUG [org.springframework.test.annotation.ProfileValueUtils] - Retrieved ProfileValueSource type [class org.springframework.test.annotation.SystemProfileValueSource] for class [com.sinocat.service.test.ProductionImpTest]
2018-07-20 08:52:13,108 DEBUG [org.springframework.test.context.support.DependencyInjectionTestExecutionListener] - Performing dependency injection for test context [[DefaultTestContext@7d907bac testClass = ProductionImpTest, testInstance = com.sinocat.service.test.ProductionImpTest@512535ff, testMethod = [null], testException = [null], mergedContextConfiguration = [MergedContextConfiguration@7791a895 testClass = ProductionImpTest, locations = &apos;{classpath:spring/applicationContext-*.xml}&apos;, classes = &apos;{}&apos;, contextInitializerClasses = &apos;[]&apos;, activeProfiles = &apos;{}&apos;, propertySourceLocations = &apos;{}&apos;, propertySourceProperties = &apos;{}&apos;, contextLoader = &apos;org.springframework.test.context.support.DelegatingSmartContextLoader&apos;, parent = [null]]]].
2018-07-20 08:52:13,109 DEBUG [org.springframework.test.context.cache.DefaultCacheAwareContextLoaderDelegate] - Retrieved ApplicationContext from cache with key [[MergedContextConfiguration@7791a895 testClass = ProductionImpTest, locations = &apos;{classpath:spring/applicationContext-*.xml}&apos;, classes = &apos;{}&apos;, contextInitializerClasses = &apos;[]&apos;, activeProfiles = &apos;{}&apos;, propertySourceLocations = &apos;{}&apos;, propertySourceProperties = &apos;{}&apos;, contextLoader = &apos;org.springframework.test.context.support.DelegatingSmartContextLoader&apos;, parent = [null]]]
2018-07-20 08:52:13,109 DEBUG [org.springframework.test.context.cache] - Spring test ApplicationContext cache statistics: [DefaultContextCache@3d246ea3 size = 1, parentContextCount = 0, hitCount = 3, missCount = 1]
2018-07-20 08:52:13,109 DEBUG [org.springframework.beans.factory.annotation.InjectionMetadata] - Processing injected element of bean &apos;com.sinocat.service.test.ProductionImpTest&apos;: AutowiredFieldElement for com.sinocat.service.ProductionService com.sinocat.service.test.ProductionImpTest.productionService
2018-07-20 08:52:13,109 DEBUG [org.springframework.beans.factory.support.DefaultListableBeanFactory] - Returning cached instance of singleton bean &apos;productionImp&apos;
2018-07-20 08:52:13,109 DEBUG [org.springframework.test.context.support.AbstractDirtiesContextTestExecutionListener] - Before test method: context [DefaultTestContext@7d907bac testClass = ProductionImpTest, testInstance = com.sinocat.service.test.ProductionImpTest@512535ff, testMethod = testGetProductionList@ProductionImpTest, testException = [null], mergedContextConfiguration = [MergedContextConfiguration@7791a895 testClass = ProductionImpTest, locations = &apos;{classpath:spring/applicationContext-*.xml}&apos;, classes = &apos;{}&apos;, contextInitializerClasses = &apos;[]&apos;, activeProfiles = &apos;{}&apos;, propertySourceLocations = &apos;{}&apos;, propertySourceProperties = &apos;{}&apos;, contextLoader = &apos;org.springframework.test.context.support.DelegatingSmartContextLoader&apos;, parent = [null]]], class annotated with @DirtiesContext [false] with mode [null], method annotated with @DirtiesContext [false] with mode [null].
2018-07-20 08:52:13,110 DEBUG [org.mybatis.spring.SqlSessionUtils] - Creating a new SqlSession
2018-07-20 08:52:13,110 DEBUG [org.mybatis.spring.SqlSessionUtils] - Registering transaction synchronization for SqlSession [org.apache.ibatis.session.defaults.DefaultSqlSession@22295ec4]
2018-07-20 08:52:13,111 DEBUG [org.springframework.jdbc.datasource.DataSourceUtils] - Fetching JDBC Connection from DataSource
2018-07-20 08:52:13,111 DEBUG [org.springframework.jdbc.datasource.DataSourceUtils] - Registering transaction synchronization for JDBC Connection
2018-07-20 08:52:13,111 DEBUG [org.mybatis.spring.transaction.SpringManagedTransaction] - JDBC Connection [com.mysql.jdbc.JDBC4Connection@a87f8ec] will be managed by Spring
2018-07-20 08:52:13,111 DEBUG [com.sinocat.mapper.ProductionMapper.getProductionList_PageHelper_Count] - ==&gt;  Preparing: select count(*) from (SELECT p_id,p_name,p_price,p_image,p_content,pt_id,p_weight,ps_id FROM production) tmp_count 
2018-07-20 08:52:13,111 DEBUG [com.sinocat.mapper.ProductionMapper.getProductionList_PageHelper_Count] - ==&gt; Parameters: 
2018-07-20 08:52:13,113 DEBUG [com.sinocat.mapper.ProductionMapper.getProductionList_PageHelper_Count] - &lt;==      Total: 1
2018-07-20 08:52:13,113 DEBUG [org.mybatis.spring.SqlSessionUtils] - Releasing transactional SqlSession [org.apache.ibatis.session.defaults.DefaultSqlSession@22295ec4]
___________________________________class com.github.pagehelper.Page
2018-07-20 08:52:13,114 DEBUG [org.mybatis.spring.SqlSessionUtils] - Transaction synchronization deregistering SqlSession [org.apache.ibatis.session.defaults.DefaultSqlSession@22295ec4]
2018-07-20 08:52:13,114 DEBUG [org.mybatis.spring.SqlSessionUtils] - Transaction synchronization closing SqlSession [org.apache.ibatis.session.defaults.DefaultSqlSession@22295ec4]
2018-07-20 08:52:13,114 DEBUG [org.springframework.jdbc.datasource.DataSourceUtils] - Returning JDBC Connection to DataSource
2018-07-20 08:52:13,115 DEBUG [org.springframework.jdbc.datasource.DataSourceTransactionManager] - Should roll back transaction but cannot - no transaction available
2018-07-20 08:52:13,115 DEBUG [org.springframework.test.context.support.AbstractDirtiesContextTestExecutionListener] - After test method: context [DefaultTestContext@7d907bac testClass = ProductionImpTest, testInstance = com.sinocat.service.test.ProductionImpTest@512535ff, testMethod = testGetProductionList@ProductionImpTest, testException = java.lang.IndexOutOfBoundsException: Index: 3, Size: 0, mergedContextConfiguration = [MergedContextConfiguration@7791a895 testClass = ProductionImpTest, locations = &apos;{classpath:spring/applicationContext-*.xml}&apos;, classes = &apos;{}&apos;, contextInitializerClasses = &apos;[]&apos;, activeProfiles = &apos;{}&apos;, propertySourceLocations = &apos;{}&apos;, propertySourceProperties = &apos;{}&apos;, contextLoader = &apos;org.springframework.test.context.support.DelegatingSmartContextLoader&apos;, parent = [null]]], class annotated with @DirtiesContext [false] with mode [null], method annotated with @DirtiesContext [false] with mode [null].
</system-out>
  </testcase>
</testsuite>